<?xml version="1.0" encoding="UTF-8" ?> 
<testsuites id="201200612_181529" name="Release (16/06/20 18:15:29)" tests="1" failures="2" time="0.001">
    <testsuite id="codereview.python.analysisProvider" name="PYTHON Code Review" tests="3" failures="4" time="0.001">
        <testcase id="codereview.python.rules.ProgramIdRule" name="Test" time="0.001">
            <failure message="roseguarden.py:Test" type="WARNING">
                WARNING: Test
                File: /roseguarden.py
                Line: 2
            </failure>
        </testcase>
    </testsuite>
</testsuites>